
[2023-11-26 00:09:11] [INFO] 'gamika18' mondja: 'Kd' (ID: 323902189904855061, 🔻drops)

[2023-11-26 00:09:12] [ERROR] Érvénytelen bevitel: 400 Bad Request (error code: 50006); Ismeretlen bevitel: 'Kd'; a következőtől: 'gamika18' (ID: 323902189904855061)

[2023-11-26 00:09:13] [INFO] 'Karuta#1280' mondja: '<@323902189904855061> is dropping 3 cards!' (ID: 646937666251915264, 🔻drops)
[2023-11-26 00:09:13] [ERROR] Érvénytelen bevitel: 400 Bad Request (error code: 50006); Ismeretlen bevitel: '<@323902189904855061> is dropping 3 cards!'; a következőtől: 'Karuta#1280' (ID: 646937666251915264)

[2023-11-26 00:09:17] [INFO] 'Karuta#1280' mondja: '<@323902189904855061> took the **Tsubaki Asahina** card `vwnr0n2`! It's in **good** condition.' (ID: 646937666251915264, 🔻drops)

[2023-11-26 00:09:18] [ERROR] Érvénytelen bevitel: 400 Bad Request (error code: 50006); Ismeretlen bevitel: '<@323902189904855061> took the **Tsubaki Asahina** card `vwnr0n2`! It's in **good** condition.'; a következőtől: 'Karuta#1280' (ID: 646937666251915264)
[2023-11-26 00:09:18] [INFO] 'gamika18' mondja: 'Kt kuka' (ID: 323902189904855061, 🔻drops)
[2023-11-26 00:09:18] [ERROR] Érvénytelen bevitel: 400 Bad Request (error code: 50006); Ismeretlen bevitel: 'Kt kuka'; a következőtől: 'gamika18' (ID: 323902189904855061)
[2023-11-26 00:09:18] [INFO] 'Karuta#1280' mondja: '<@323902189904855061>, the **Tsubaki Asahina** card has been tagged successfully.' (ID: 646937666251915264, 🔻drops)
[2023-11-26 00:09:18] [ERROR] Érvénytelen bevitel: 400 Bad Request (error code: 50006); Ismeretlen bevitel: '<@323902189904855061>, the **Tsubaki Asahina** card has been tagged successfully.'; a következőtől: 'Karuta#1280' (ID: 646937666251915264)

[2023-11-26 00:09:20] [INFO] 'gamika18' mondja: 'Krm' (ID: 323902189904855061, 🔻drops)
[2023-11-26 00:09:20] [INFO] 'Karuta#1280' mondja: '' (ID: 646937666251915264, 🔻drops)
[2023-11-26 00:09:20] [ERROR] Érvénytelen bevitel: 400 Bad Request (error code: 50006); Ismeretlen bevitel: 'Krm'; a következőtől: 'gamika18' (ID: 323902189904855061)
[2023-11-26 00:09:20] [ERROR] Érvénytelen bevitel: 400 Bad Request (error code: 50006); Ismeretlen bevitel: ''; a következőtől: 'Karuta#1280' (ID: 646937666251915264)

[2023-11-26 01:56:17] [WARNING] A bot lekapcsolódott.

[2023-11-26 01:56:18] [INFO] Shard ID None has successfully RESUMED session 028d69c8d3a4990e3c19342b7e64b450.

[2023-11-26 02:29:13] [INFO] 'shecouldgivemearide' mondja: 'Kd' (ID: 362636831189106688, 🔻drops)
[2023-11-26 02:29:13] [ERROR] Érvénytelen bevitel: 400 Bad Request (error code: 50006); Ismeretlen bevitel: 'Kd'; a következőtől: 'shecouldgivemearide' (ID: 362636831189106688)

[2023-11-26 02:29:14] [INFO] 'Karuta#1280' mondja: '<@362636831189106688> is dropping 3 cards!' (ID: 646937666251915264, 🔻drops)

[2023-11-26 02:29:15] [ERROR] Érvénytelen bevitel: 400 Bad Request (error code: 50006); Ismeretlen bevitel: '<@362636831189106688> is dropping 3 cards!'; a következőtől: 'Karuta#1280' (ID: 646937666251915264)

[2023-11-26 02:29:19] [INFO] 'Karuta#1280' mondja: '<@362636831189106688> took the **Emo's Mother** card `vwng247`! Wow, it appears to be in **mint** condition!' (ID: 646937666251915264, 🔻drops)

[2023-11-26 02:29:20] [ERROR] Érvénytelen bevitel: 400 Bad Request (error code: 50006); Ismeretlen bevitel: '<@362636831189106688> took the **Emo's Mother** card `vwng247`! Wow, it appears to be in **mint** condition!'; a következőtől: 'Karuta#1280' (ID: 646937666251915264)

[2023-11-26 02:59:32] [INFO] 'strawhat0821' mondja: 'Kd' (ID: 365885951240568832, 🔻drops)
[2023-11-26 02:59:32] [ERROR] Érvénytelen bevitel: 400 Bad Request (error code: 50006); Ismeretlen bevitel: 'Kd'; a következőtől: 'strawhat0821' (ID: 365885951240568832)

[2023-11-26 02:59:33] [INFO] 'Karuta#1280' mondja: '<@365885951240568832> is dropping 3 cards!' (ID: 646937666251915264, 🔻drops)

[2023-11-26 02:59:34] [ERROR] Érvénytelen bevitel: 400 Bad Request (error code: 50006); Ismeretlen bevitel: '<@365885951240568832> is dropping 3 cards!'; a következőtől: 'Karuta#1280' (ID: 646937666251915264)

[2023-11-26 02:59:38] [INFO] 'Karuta#1280' mondja: '<@365885951240568832> took the **Father** card `vwnglv9`! It's in **good** condition.' (ID: 646937666251915264, 🔻drops)
[2023-11-26 02:59:38] [ERROR] Érvénytelen bevitel: 400 Bad Request (error code: 50006); Ismeretlen bevitel: '<@365885951240568832> took the **Father** card `vwnglv9`! It's in **good** condition.'; a következőtől: 'Karuta#1280' (ID: 646937666251915264)

[2023-11-26 02:59:39] [INFO] 'strawhat0821' mondja: 'Kt kuka' (ID: 365885951240568832, 🔻drops)
[2023-11-26 02:59:39] [ERROR] Érvénytelen bevitel: 400 Bad Request (error code: 50006); Ismeretlen bevitel: 'Kt kuka'; a következőtől: 'strawhat0821' (ID: 365885951240568832)
[2023-11-26 02:59:39] [INFO] 'Karuta#1280' mondja: '<@365885951240568832>, the **Father** card has been tagged successfully.' (ID: 646937666251915264, 🔻drops)
[2023-11-26 02:59:39] [ERROR] Érvénytelen bevitel: 400 Bad Request (error code: 50006); Ismeretlen bevitel: '<@365885951240568832>, the **Father** card has been tagged successfully.'; a következőtől: 'Karuta#1280' (ID: 646937666251915264)

[2023-11-26 03:44:05] [INFO] 'gamika18' mondja: 'Kcd' (ID: 323902189904855061, 🔻drops)
[2023-11-26 03:44:05] [INFO] 'Karuta#1280' mondja: '' (ID: 646937666251915264, 🔻drops)
[2023-11-26 03:44:05] [ERROR] Érvénytelen bevitel: 400 Bad Request (error code: 50006); Ismeretlen bevitel: 'Kcd'; a következőtől: 'gamika18' (ID: 323902189904855061)
[2023-11-26 03:44:05] [ERROR] Érvénytelen bevitel: 400 Bad Request (error code: 50006); Ismeretlen bevitel: ''; a következőtől: 'Karuta#1280' (ID: 646937666251915264)

[2023-11-26 03:44:06] [INFO] 'gamika18' mondja: 'Kd' (ID: 323902189904855061, 🔻drops)
[2023-11-26 03:44:06] [ERROR] Érvénytelen bevitel: 400 Bad Request (error code: 50006); Ismeretlen bevitel: 'Kd'; a következőtől: 'gamika18' (ID: 323902189904855061)

[2023-11-26 03:44:08] [INFO] 'Karuta#1280' mondja: '<@323902189904855061> is dropping 3 cards!' (ID: 646937666251915264, 🔻drops)
[2023-11-26 03:44:08] [ERROR] Érvénytelen bevitel: 400 Bad Request (error code: 50006); Ismeretlen bevitel: '<@323902189904855061> is dropping 3 cards!'; a következőtől: 'Karuta#1280' (ID: 646937666251915264)

[2023-11-26 03:44:13] [INFO] 'Karuta#1280' mondja: '<@323902189904855061> took the **Yuki Shihoudou** card `vwng9sw`! It's in **good** condition.' (ID: 646937666251915264, 🔻drops)
[2023-11-26 03:44:13] [ERROR] Érvénytelen bevitel: 400 Bad Request (error code: 50006); Ismeretlen bevitel: '<@323902189904855061> took the **Yuki Shihoudou** card `vwng9sw`! It's in **good** condition.'; a következőtől: 'Karuta#1280' (ID: 646937666251915264)
[2023-11-26 03:44:13] [INFO] 'gamika18' mondja: 'Kt kuka' (ID: 323902189904855061, 🔻drops)
[2023-11-26 03:44:13] [ERROR] Érvénytelen bevitel: 400 Bad Request (error code: 50006); Ismeretlen bevitel: 'Kt kuka'; a következőtől: 'gamika18' (ID: 323902189904855061)

[2023-11-26 03:44:14] [INFO] 'Karuta#1280' mondja: '<@323902189904855061>, the **Yuki Shihoudou** card has been tagged successfully.' (ID: 646937666251915264, 🔻drops)
[2023-11-26 03:44:14] [ERROR] Érvénytelen bevitel: 400 Bad Request (error code: 50006); Ismeretlen bevitel: '<@323902189904855061>, the **Yuki Shihoudou** card has been tagged successfully.'; a következőtől: 'Karuta#1280' (ID: 646937666251915264)

[2023-11-26 03:45:36] [INFO] 'gamika18' mondja: 'Kc t is none o is w' (ID: 323902189904855061, 🔻drops)

[2023-11-26 03:45:37] [ERROR] Érvénytelen bevitel: 400 Bad Request (error code: 50006); Ismeretlen bevitel: 'Kc t is none o is w'; a következőtől: 'gamika18' (ID: 323902189904855061)
[2023-11-26 03:45:37] [INFO] 'Karuta#1280' mondja: '' (ID: 646937666251915264, 🔻drops)
[2023-11-26 03:45:37] [ERROR] Érvénytelen bevitel: 400 Bad Request (error code: 50006); Ismeretlen bevitel: ''; a következőtől: 'Karuta#1280' (ID: 646937666251915264)

[2023-11-26 03:45:42] [INFO] 'Kalendar#5027' mondja: 'c4z31x, cz0b4f, v0bdzn6, xsbzj5, vv1vln9, v0ctrnq' (ID: 874184247731171348, 🔻drops)
[2023-11-26 03:45:42] [ERROR] Érvénytelen bevitel: 400 Bad Request (error code: 50006); Ismeretlen bevitel: 'c4z31x, cz0b4f, v0bdzn6, xsbzj5, vv1vln9, v0ctrnq'; a következőtől: 'Kalendar#5027' (ID: 874184247731171348)

[2023-11-26 03:45:51] [INFO] 'gamika18' mondja: 'Kt bleach c4z31x, cz0b4f, v0bdzn6, xsbzj5, vv1vln9, v0ctrnq' (ID: 323902189904855061, 🔻drops)
[2023-11-26 03:45:51] [ERROR] Érvénytelen bevitel: 400 Bad Request (error code: 50006); Ismeretlen bevitel: 'Kt bleach c4z31x, cz0b4f, v0bdzn6, xsbzj5, vv1vln9, v0ctrnq'; a következőtől: 'gamika18' (ID: 323902189904855061)
[2023-11-26 03:45:51] [INFO] 'Karuta#1280' mondja: '<@323902189904855061>, those cards were tagged successfully.' (ID: 646937666251915264, 🔻drops)

[2023-11-26 03:45:52] [ERROR] Érvénytelen bevitel: 400 Bad Request (error code: 50006); Ismeretlen bevitel: '<@323902189904855061>, those cards were tagged successfully.'; a következőtől: 'Karuta#1280' (ID: 646937666251915264)

[2023-11-26 05:23:25] [WARNING] A bot lekapcsolódott.

[2023-11-26 05:23:26] [INFO] Shard ID None has successfully RESUMED session 028d69c8d3a4990e3c19342b7e64b450.

[2023-11-26 07:20:37] [WARNING] A bot lekapcsolódott.
[2023-11-26 07:20:37] [INFO] Shard ID None has successfully RESUMED session 028d69c8d3a4990e3c19342b7e64b450.

[2023-11-26 07:58:26] [WARNING] A bot lekapcsolódott.

[2023-11-26 07:58:27] [INFO] Shard ID None has successfully RESUMED session 028d69c8d3a4990e3c19342b7e64b450.

[2023-11-26 10:07:52] [INFO] 'kiskacsa.' mondja: 'Kd' (ID: 459495067791654913, 🔻drops)
[2023-11-26 10:07:52] [ERROR] Érvénytelen bevitel: 400 Bad Request (error code: 50006); Ismeretlen bevitel: 'Kd'; a következőtől: 'kiskacsa.' (ID: 459495067791654913)

[2023-11-26 10:07:53] [INFO] 'Karuta#1280' mondja: '<@459495067791654913> is dropping 4 cards!' (ID: 646937666251915264, 🔻drops)
[2023-11-26 10:07:53] [ERROR] Érvénytelen bevitel: 400 Bad Request (error code: 50006); Ismeretlen bevitel: '<@459495067791654913> is dropping 4 cards!'; a következőtől: 'Karuta#1280' (ID: 646937666251915264)

[2023-11-26 10:07:58] [INFO] 'Karuta#1280' mondja: '<@459495067791654913> took the **Alan Sylvasta** card `vwn7wnb`! Its condition is quite **poor**.' (ID: 646937666251915264, 🔻drops)
[2023-11-26 10:07:58] [ERROR] Érvénytelen bevitel: 400 Bad Request (error code: 50006); Ismeretlen bevitel: '<@459495067791654913> took the **Alan Sylvasta** card `vwn7wnb`! Its condition is quite **poor**.'; a következőtől: 'Karuta#1280' (ID: 646937666251915264)

[2023-11-26 10:08:04] [INFO] 'kiskacsa.' mondja: 'Kt kuka' (ID: 459495067791654913, 🔻drops)
[2023-11-26 10:08:04] [ERROR] Érvénytelen bevitel: 400 Bad Request (error code: 50006); Ismeretlen bevitel: 'Kt kuka'; a következőtől: 'kiskacsa.' (ID: 459495067791654913)
[2023-11-26 10:08:04] [INFO] 'Karuta#1280' mondja: '<@459495067791654913>, the **Alan Sylvasta** card has been tagged successfully.' (ID: 646937666251915264, 🔻drops)
[2023-11-26 10:08:04] [ERROR] Érvénytelen bevitel: 400 Bad Request (error code: 50006); Ismeretlen bevitel: '<@459495067791654913>, the **Alan Sylvasta** card has been tagged successfully.'; a következőtől: 'Karuta#1280' (ID: 646937666251915264)

[2023-11-26 10:40:37] [INFO] 'kiskacsa.' mondja: 'Kv' (ID: 459495067791654913, 🔻drops)

[2023-11-26 10:40:38] [ERROR] Érvénytelen bevitel: 400 Bad Request (error code: 50006); Ismeretlen bevitel: 'Kv'; a következőtől: 'kiskacsa.' (ID: 459495067791654913)
[2023-11-26 10:40:38] [INFO] 'Karuta#1280' mondja: '' (ID: 646937666251915264, 🔻drops)
[2023-11-26 10:40:38] [ERROR] Érvénytelen bevitel: 400 Bad Request (error code: 50006); Ismeretlen bevitel: ''; a következőtől: 'Karuta#1280' (ID: 646937666251915264)

[2023-11-26 10:40:45] [INFO] 'kiskacsa.' mondja: 'Kwi' (ID: 459495067791654913, 🔻drops)
[2023-11-26 10:40:45] [ERROR] Érvénytelen bevitel: 400 Bad Request (error code: 50006); Ismeretlen bevitel: 'Kwi'; a következőtől: 'kiskacsa.' (ID: 459495067791654913)

[2023-11-26 10:40:46] [INFO] 'Karuta#1280' mondja: '' (ID: 646937666251915264, 🔻drops)

[2023-11-26 10:40:47] [ERROR] Érvénytelen bevitel: 400 Bad Request (error code: 50006); Ismeretlen bevitel: ''; a következőtől: 'Karuta#1280' (ID: 646937666251915264)

[2023-11-26 10:40:50] [INFO] 'Keqing#9910' mondja: '' (ID: 772642704257187840, 🔻drops)

[2023-11-26 10:40:51] [ERROR] Érvénytelen bevitel: 400 Bad Request (error code: 50006); Ismeretlen bevitel: ''; a következőtől: 'Keqing#9910' (ID: 772642704257187840)

[2023-11-26 10:47:54] [INFO] 'kiskacsa.' mondja: 'Kt upgrade' (ID: 459495067791654913, 🔻drops)
[2023-11-26 10:47:54] [INFO] 'Karuta#1280' mondja: '<@459495067791654913>, the **Nazuna Nanakusa** card has been tagged successfully.' (ID: 646937666251915264, 🔻drops)
[2023-11-26 10:47:54] [ERROR] Érvénytelen bevitel: 400 Bad Request (error code: 50006); Ismeretlen bevitel: '<@459495067791654913>, the **Nazuna Nanakusa** card has been tagged successfully.'; a következőtől: 'Karuta#1280' (ID: 646937666251915264)
[2023-11-26 10:47:54] [ERROR] Érvénytelen bevitel: 400 Bad Request (error code: 50006); Ismeretlen bevitel: 'Kt upgrade'; a következőtől: 'kiskacsa.' (ID: 459495067791654913)

[2023-11-26 11:12:59] [INFO] 'gamika18' mondja: 'Kd' (ID: 323902189904855061, 🔻drops)

[2023-11-26 11:13:00] [ERROR] Érvénytelen bevitel: 400 Bad Request (error code: 50006); Ismeretlen bevitel: 'Kd'; a következőtől: 'gamika18' (ID: 323902189904855061)
[2023-11-26 11:13:00] [INFO] 'Karuta#1280' mondja: '<@323902189904855061> is dropping 3 cards!' (ID: 646937666251915264, 🔻drops)
[2023-11-26 11:13:00] [ERROR] Érvénytelen bevitel: 400 Bad Request (error code: 50006); Ismeretlen bevitel: '<@323902189904855061> is dropping 3 cards!'; a következőtől: 'Karuta#1280' (ID: 646937666251915264)

[2023-11-26 11:13:05] [INFO] 'Karuta#1280' mondja: '<@323902189904855061> took the **Soldier EG** card `vwn7tkw`! It's in **good** condition.' (ID: 646937666251915264, 🔻drops)
[2023-11-26 11:13:05] [ERROR] Érvénytelen bevitel: 400 Bad Request (error code: 50006); Ismeretlen bevitel: '<@323902189904855061> took the **Soldier EG** card `vwn7tkw`! It's in **good** condition.'; a következőtől: 'Karuta#1280' (ID: 646937666251915264)
[2023-11-26 11:13:05] [INFO] 'gamika18' mondja: 'Kt kuka' (ID: 323902189904855061, 🔻drops)

[2023-11-26 11:13:06] [ERROR] Érvénytelen bevitel: 400 Bad Request (error code: 50006); Ismeretlen bevitel: 'Kt kuka'; a következőtől: 'gamika18' (ID: 323902189904855061)
[2023-11-26 11:13:06] [INFO] 'Karuta#1280' mondja: '<@323902189904855061>, the **Soldier EG** card has been tagged successfully.' (ID: 646937666251915264, 🔻drops)
[2023-11-26 11:13:06] [ERROR] Érvénytelen bevitel: 400 Bad Request (error code: 50006); Ismeretlen bevitel: '<@323902189904855061>, the **Soldier EG** card has been tagged successfully.'; a következőtől: 'Karuta#1280' (ID: 646937666251915264)

[2023-11-26 11:13:07] [INFO] 'gamika18' mondja: 'Krm' (ID: 323902189904855061, 🔻drops)
[2023-11-26 11:13:07] [INFO] 'Karuta#1280' mondja: '' (ID: 646937666251915264, 🔻drops)
[2023-11-26 11:13:07] [ERROR] Érvénytelen bevitel: 400 Bad Request (error code: 50006); Ismeretlen bevitel: 'Krm'; a következőtől: 'gamika18' (ID: 323902189904855061)
[2023-11-26 11:13:07] [ERROR] Érvénytelen bevitel: 400 Bad Request (error code: 50006); Ismeretlen bevitel: ''; a következőtől: 'Karuta#1280' (ID: 646937666251915264)

[2023-11-26 11:13:10] [INFO] 'gamika18' mondja: 'Kdaily' (ID: 323902189904855061, 🔻drops)
[2023-11-26 11:13:10] [ERROR] Érvénytelen bevitel: 400 Bad Request (error code: 50006); Ismeretlen bevitel: 'Kdaily'; a következőtől: 'gamika18' (ID: 323902189904855061)
[2023-11-26 11:13:10] [INFO] 'Karuta#1280' mondja: '' (ID: 646937666251915264, 🔻drops)
[2023-11-26 11:13:10] [ERROR] Érvénytelen bevitel: 400 Bad Request (error code: 50006); Ismeretlen bevitel: ''; a következőtől: 'Karuta#1280' (ID: 646937666251915264)

[2023-11-26 11:13:12] [INFO] 'Queen's Right Leg#7475' mondja: '' (ID: 1006025546045591632, 🔻drops)
[2023-11-26 11:13:12] [ERROR] Érvénytelen bevitel: 400 Bad Request (error code: 50006); Ismeretlen bevitel: ''; a következőtől: 'Queen's Right Leg#7475' (ID: 1006025546045591632)

[2023-11-26 11:13:16] [INFO] 'gamika18' mondja: 'Kvote' (ID: 323902189904855061, 🔻drops)
[2023-11-26 11:13:16] [ERROR] Érvénytelen bevitel: 400 Bad Request (error code: 50006); Ismeretlen bevitel: 'Kvote'; a következőtől: 'gamika18' (ID: 323902189904855061)
[2023-11-26 11:13:16] [INFO] 'Karuta#1280' mondja: '<https://karuta.com/vote>
If you haven't, please consider using the `k!reminders vote` command to enable voting reminders. The `k!monthly` command will show your monthly voting rewards progress.' (ID: 646937666251915264, 🔻drops)
[2023-11-26 11:13:16] [ERROR] Érvénytelen bevitel: 400 Bad Request (error code: 50006); Ismeretlen bevitel: '<https://karuta.com/vote>
If you haven't, please consider using the `k!reminders vote` command to enable voting reminders. The `k!monthly` command will show your monthly voting rewards progress.'; a következőtől: 'Karuta#1280' (ID: 646937666251915264)

[2023-11-26 11:30:33] [INFO] 'kiskacsa.' mondja: 'Kdaily' (ID: 459495067791654913, 🔻drops)
[2023-11-26 11:30:33] [INFO] 'Karuta#1280' mondja: '' (ID: 646937666251915264, 🔻drops)
[2023-11-26 11:30:33] [ERROR] Érvénytelen bevitel: 400 Bad Request (error code: 50006); Ismeretlen bevitel: ''; a következőtől: 'Karuta#1280' (ID: 646937666251915264)

[2023-11-26 11:30:34] [ERROR] Érvénytelen bevitel: 400 Bad Request (error code: 50006); Ismeretlen bevitel: 'Kdaily'; a következőtől: 'kiskacsa.' (ID: 459495067791654913)

[2023-11-26 11:30:35] [INFO] 'Queen's Right Leg#7475' mondja: '' (ID: 1006025546045591632, 🔻drops)
[2023-11-26 11:30:35] [ERROR] Érvénytelen bevitel: 400 Bad Request (error code: 50006); Ismeretlen bevitel: ''; a következőtől: 'Queen's Right Leg#7475' (ID: 1006025546045591632)

[2023-11-26 11:40:38] [WARNING] A bot lekapcsolódott.

[2023-11-26 11:40:39] [INFO] Shard ID None has successfully RESUMED session 028d69c8d3a4990e3c19342b7e64b450.

[2023-11-26 11:43:44] [INFO] 'gamika18' mondja: 'Kd' (ID: 323902189904855061, 🔻drops)

[2023-11-26 11:43:45] [ERROR] Érvénytelen bevitel: 400 Bad Request (error code: 50006); Ismeretlen bevitel: 'Kd'; a következőtől: 'gamika18' (ID: 323902189904855061)
[2023-11-26 11:43:45] [INFO] 'Karuta#1280' mondja: '<@323902189904855061> is dropping 3 cards!' (ID: 646937666251915264, 🔻drops)

[2023-11-26 11:43:46] [ERROR] Érvénytelen bevitel: 400 Bad Request (error code: 50006); Ismeretlen bevitel: '<@323902189904855061> is dropping 3 cards!'; a következőtől: 'Karuta#1280' (ID: 646937666251915264)

[2023-11-26 11:43:50] [INFO] 'Karuta#1280' mondja: '<@323902189904855061> took the **Paulie** card `vwndjr9`! Unfortunately, it was badly **damaged**.' (ID: 646937666251915264, 🔻drops)
[2023-11-26 11:43:50] [ERROR] Érvénytelen bevitel: 400 Bad Request (error code: 50006); Ismeretlen bevitel: '<@323902189904855061> took the **Paulie** card `vwndjr9`! Unfortunately, it was badly **damaged**.'; a következőtől: 'Karuta#1280' (ID: 646937666251915264)

[2023-11-26 11:43:53] [INFO] 'gamika18' mondja: 'Kt kuka' (ID: 323902189904855061, 🔻drops)
[2023-11-26 11:43:53] [ERROR] Érvénytelen bevitel: 400 Bad Request (error code: 50006); Ismeretlen bevitel: 'Kt kuka'; a következőtől: 'gamika18' (ID: 323902189904855061)

[2023-11-26 11:43:54] [INFO] 'Karuta#1280' mondja: '<@323902189904855061>, the **Paulie** card has been tagged successfully.' (ID: 646937666251915264, 🔻drops)
[2023-11-26 11:43:54] [ERROR] Érvénytelen bevitel: 400 Bad Request (error code: 50006); Ismeretlen bevitel: '<@323902189904855061>, the **Paulie** card has been tagged successfully.'; a következőtől: 'Karuta#1280' (ID: 646937666251915264)

[2023-11-26 12:13:52] [INFO] 'gamika18' mondja: 'Kd' (ID: 323902189904855061, 🔻drops)

[2023-11-26 12:13:53] [ERROR] Érvénytelen bevitel: 400 Bad Request (error code: 50006); Ismeretlen bevitel: 'Kd'; a következőtől: 'gamika18' (ID: 323902189904855061)

[2023-11-26 12:13:54] [INFO] 'Karuta#1280' mondja: '<@323902189904855061> is dropping 3 cards!' (ID: 646937666251915264, 🔻drops)
[2023-11-26 12:13:54] [ERROR] Érvénytelen bevitel: 400 Bad Request (error code: 50006); Ismeretlen bevitel: '<@323902189904855061> is dropping 3 cards!'; a következőtől: 'Karuta#1280' (ID: 646937666251915264)

[2023-11-26 12:13:58] [INFO] 'Karuta#1280' mondja: '<@323902189904855061> took the **Kana Shiraumi** card `vwnshv2`! It's in **good** condition.' (ID: 646937666251915264, 🔻drops)

[2023-11-26 12:13:59] [ERROR] Érvénytelen bevitel: 400 Bad Request (error code: 50006); Ismeretlen bevitel: '<@323902189904855061> took the **Kana Shiraumi** card `vwnshv2`! It's in **good** condition.'; a következőtől: 'Karuta#1280' (ID: 646937666251915264)

[2023-11-26 12:14:00] [INFO] 'gamika18' mondja: 'Kt kuka' (ID: 323902189904855061, 🔻drops)
[2023-11-26 12:14:00] [ERROR] Érvénytelen bevitel: 400 Bad Request (error code: 50006); Ismeretlen bevitel: 'Kt kuka'; a következőtől: 'gamika18' (ID: 323902189904855061)
[2023-11-26 12:14:00] [INFO] 'Karuta#1280' mondja: '<@323902189904855061>, the **Kana Shiraumi** card has been tagged successfully.' (ID: 646937666251915264, 🔻drops)
[2023-11-26 12:14:00] [ERROR] Érvénytelen bevitel: 400 Bad Request (error code: 50006); Ismeretlen bevitel: '<@323902189904855061>, the **Kana Shiraumi** card has been tagged successfully.'; a következőtől: 'Karuta#1280' (ID: 646937666251915264)

[2023-11-26 12:22:36] [WARNING] A bot lekapcsolódott.

[2023-11-26 12:22:38] [INFO] Shard ID None has successfully RESUMED session 028d69c8d3a4990e3c19342b7e64b450.

[2023-11-26 12:33:13] [INFO] 'kiskacsa.' mondja: 'Kt kuka' (ID: 459495067791654913, 🔻drops)
[2023-11-26 12:33:13] [INFO] 'Karuta#1280' mondja: '<@459495067791654913>, the **Rei Keihi** card has been tagged successfully.' (ID: 646937666251915264, 🔻drops)
[2023-11-26 12:33:13] [ERROR] Érvénytelen bevitel: 400 Bad Request (error code: 50006); Ismeretlen bevitel: 'Kt kuka'; a következőtől: 'kiskacsa.' (ID: 459495067791654913)
[2023-11-26 12:33:13] [ERROR] Érvénytelen bevitel: 400 Bad Request (error code: 50006); Ismeretlen bevitel: '<@459495067791654913>, the **Rei Keihi** card has been tagged successfully.'; a következőtől: 'Karuta#1280' (ID: 646937666251915264)

[2023-11-26 12:44:48] [INFO] 'gamika18' mondja: 'Kd' (ID: 323902189904855061, 🔻drops)
[2023-11-26 12:44:48] [INFO] 'Karuta#1280' mondja: '<@323902189904855061> is dropping 3 cards!' (ID: 646937666251915264, 🔻drops)
[2023-11-26 12:44:48] [ERROR] Érvénytelen bevitel: 400 Bad Request (error code: 50006); Ismeretlen bevitel: 'Kd'; a következőtől: 'gamika18' (ID: 323902189904855061)
[2023-11-26 12:44:48] [ERROR] Érvénytelen bevitel: 400 Bad Request (error code: 50006); Ismeretlen bevitel: '<@323902189904855061> is dropping 3 cards!'; a következőtől: 'Karuta#1280' (ID: 646937666251915264)

[2023-11-26 12:44:51] [INFO] 'Karuta#1280' mondja: '<@323902189904855061> took the **Marlo Freudenberg** card `vwnd9q5`! Its condition is quite **poor**.' (ID: 646937666251915264, 🔻drops)
[2023-11-26 12:44:51] [INFO] 'gamika18' mondja: 'Kt kuka' (ID: 323902189904855061, 🔻drops)
[2023-11-26 12:44:51] [ERROR] Érvénytelen bevitel: 400 Bad Request (error code: 50006); Ismeretlen bevitel: '<@323902189904855061> took the **Marlo Freudenberg** card `vwnd9q5`! Its condition is quite **poor**.'; a következőtől: 'Karuta#1280' (ID: 646937666251915264)
[2023-11-26 12:44:51] [ERROR] Érvénytelen bevitel: 400 Bad Request (error code: 50006); Ismeretlen bevitel: 'Kt kuka'; a következőtől: 'gamika18' (ID: 323902189904855061)
[2023-11-26 12:44:51] [INFO] 'Karuta#1280' mondja: '<@323902189904855061>, the **Marlo Freudenberg** card has been tagged successfully.' (ID: 646937666251915264, 🔻drops)

[2023-11-26 12:44:52] [ERROR] Érvénytelen bevitel: 400 Bad Request (error code: 50006); Ismeretlen bevitel: '<@323902189904855061>, the **Marlo Freudenberg** card has been tagged successfully.'; a következőtől: 'Karuta#1280' (ID: 646937666251915264)

[2023-11-26 13:04:14] [WARNING] A bot lekapcsolódott.

[2023-11-26 13:04:15] [INFO] Shard ID None has successfully RESUMED session 028d69c8d3a4990e3c19342b7e64b450.

[2023-11-26 13:12:32] [INFO] 'kiskacsa.' mondja: 'Kd' (ID: 459495067791654913, 🔻drops)

[2023-11-26 13:12:33] [ERROR] Érvénytelen bevitel: 400 Bad Request (error code: 50006); Ismeretlen bevitel: 'Kd'; a következőtől: 'kiskacsa.' (ID: 459495067791654913)

[2023-11-26 13:12:34] [INFO] 'Karuta#1280' mondja: '<@459495067791654913> is dropping 4 cards!' (ID: 646937666251915264, 🔻drops)
[2023-11-26 13:12:34] [ERROR] Érvénytelen bevitel: 400 Bad Request (error code: 50006); Ismeretlen bevitel: '<@459495067791654913> is dropping 4 cards!'; a következőtől: 'Karuta#1280' (ID: 646937666251915264)

[2023-11-26 13:12:39] [INFO] 'Karuta#1280' mondja: '<@459495067791654913> took the **Riko's Mother** card `vwndd74`! It's in **good** condition.' (ID: 646937666251915264, 🔻drops)
[2023-11-26 13:12:39] [ERROR] Érvénytelen bevitel: 400 Bad Request (error code: 50006); Ismeretlen bevitel: '<@459495067791654913> took the **Riko's Mother** card `vwndd74`! It's in **good** condition.'; a következőtől: 'Karuta#1280' (ID: 646937666251915264)

[2023-11-26 13:12:47] [INFO] 'kiskacsa.' mondja: 'Klu' (ID: 459495067791654913, 🔻drops)
[2023-11-26 13:12:47] [ERROR] Érvénytelen bevitel: 400 Bad Request (error code: 50006); Ismeretlen bevitel: 'Klu'; a következőtől: 'kiskacsa.' (ID: 459495067791654913)
[2023-11-26 13:12:47] [INFO] 'Karuta#1280' mondja: '' (ID: 646937666251915264, 🔻drops)
[2023-11-26 13:12:47] [ERROR] Érvénytelen bevitel: 400 Bad Request (error code: 50006); Ismeretlen bevitel: ''; a következőtől: 'Karuta#1280' (ID: 646937666251915264)

[2023-11-26 13:12:50] [INFO] 'kiskacsa.' mondja: 'Kt kuka' (ID: 459495067791654913, 🔻drops)
[2023-11-26 13:12:50] [ERROR] Érvénytelen bevitel: 400 Bad Request (error code: 50006); Ismeretlen bevitel: 'Kt kuka'; a következőtől: 'kiskacsa.' (ID: 459495067791654913)
[2023-11-26 13:12:50] [INFO] 'Karuta#1280' mondja: '<@459495067791654913>, the **Riko's Mother** card has been tagged successfully.' (ID: 646937666251915264, 🔻drops)

[2023-11-26 13:12:51] [ERROR] Érvénytelen bevitel: 400 Bad Request (error code: 50006); Ismeretlen bevitel: '<@459495067791654913>, the **Riko's Mother** card has been tagged successfully.'; a következőtől: 'Karuta#1280' (ID: 646937666251915264)

[2023-11-26 13:14:51] [INFO] 'gamika18' mondja: 'Kd' (ID: 323902189904855061, 🔻drops)

[2023-11-26 13:14:52] [ERROR] Érvénytelen bevitel: 400 Bad Request (error code: 50006); Ismeretlen bevitel: 'Kd'; a következőtől: 'gamika18' (ID: 323902189904855061)
[2023-11-26 13:14:52] [INFO] 'Karuta#1280' mondja: '<@323902189904855061> is dropping 3 cards!' (ID: 646937666251915264, 🔻drops)
[2023-11-26 13:14:52] [ERROR] Érvénytelen bevitel: 400 Bad Request (error code: 50006); Ismeretlen bevitel: '<@323902189904855061> is dropping 3 cards!'; a következőtől: 'Karuta#1280' (ID: 646937666251915264)

[2023-11-26 13:14:57] [INFO] 'gamika18' mondja: 'Kt kuka' (ID: 323902189904855061, 🔻drops)

[2023-11-26 13:14:58] [ERROR] Érvénytelen bevitel: 400 Bad Request (error code: 50006); Ismeretlen bevitel: 'Kt kuka'; a következőtől: 'gamika18' (ID: 323902189904855061)
[2023-11-26 13:14:58] [INFO] 'Karuta#1280' mondja: '<@323902189904855061>, the **Marlo Freudenberg** card has been tagged successfully.' (ID: 646937666251915264, 🔻drops)
[2023-11-26 13:14:58] [ERROR] Érvénytelen bevitel: 400 Bad Request (error code: 50006); Ismeretlen bevitel: '<@323902189904855061>, the **Marlo Freudenberg** card has been tagged successfully.'; a következőtől: 'Karuta#1280' (ID: 646937666251915264)
[2023-11-26 13:14:58] [INFO] 'gamika18' mondja: 'Krm' (ID: 323902189904855061, 🔻drops)

[2023-11-26 13:14:59] [INFO] 'Karuta#1280' mondja: '' (ID: 646937666251915264, 🔻drops)
[2023-11-26 13:14:59] [ERROR] Érvénytelen bevitel: 400 Bad Request (error code: 50006); Ismeretlen bevitel: 'Krm'; a következőtől: 'gamika18' (ID: 323902189904855061)

[2023-11-26 13:15:00] [ERROR] Érvénytelen bevitel: 400 Bad Request (error code: 50006); Ismeretlen bevitel: ''; a következőtől: 'Karuta#1280' (ID: 646937666251915264)

[2023-11-26 13:15:01] [INFO] 'gamika18' mondja: 'Kjb' (ID: 323902189904855061, 🔻drops)

[2023-11-26 13:15:02] [ERROR] Érvénytelen bevitel: 400 Bad Request (error code: 50006); Ismeretlen bevitel: 'Kjb'; a következőtől: 'gamika18' (ID: 323902189904855061)
[2023-11-26 13:15:02] [INFO] 'Karuta#1280' mondja: '' (ID: 646937666251915264, 🔻drops)
[2023-11-26 13:15:02] [ERROR] Érvénytelen bevitel: 400 Bad Request (error code: 50006); Ismeretlen bevitel: ''; a következőtől: 'Karuta#1280' (ID: 646937666251915264)

[2023-11-26 13:15:03] [INFO] 'gamika18' mondja: 'Kn' (ID: 323902189904855061, 🔻drops)
[2023-11-26 13:15:03] [ERROR] Érvénytelen bevitel: 400 Bad Request (error code: 50006); Ismeretlen bevitel: 'Kn'; a következőtől: 'gamika18' (ID: 323902189904855061)
[2023-11-26 13:15:03] [INFO] 'Karuta#1280' mondja: '' (ID: 646937666251915264, 🔻drops)

[2023-11-26 13:15:04] [ERROR] Érvénytelen bevitel: 400 Bad Request (error code: 50006); Ismeretlen bevitel: ''; a következőtől: 'Karuta#1280' (ID: 646937666251915264)

[2023-11-26 13:15:11] [INFO] 'gamika18' mondja: 'Kjn abcde clay' (ID: 323902189904855061, 🔻drops)
[2023-11-26 13:15:11] [ERROR] Érvénytelen bevitel: 400 Bad Request (error code: 50006); Ismeretlen bevitel: 'Kjn abcde clay'; a következőtől: 'gamika18' (ID: 323902189904855061)
[2023-11-26 13:15:11] [INFO] 'Karuta#1280' mondja: '<@323902189904855061>, slots **A, B, C, D, E** have been assigned to the `clay` node.' (ID: 646937666251915264, 🔻drops)
[2023-11-26 13:15:11] [ERROR] Érvénytelen bevitel: 400 Bad Request (error code: 50006); Ismeretlen bevitel: '<@323902189904855061>, slots **A, B, C, D, E** have been assigned to the `clay` node.'; a következőtől: 'Karuta#1280' (ID: 646937666251915264)

[2023-11-26 13:15:12] [INFO] 'gamika18' mondja: 'Kw' (ID: 323902189904855061, 🔻drops)
[2023-11-26 13:15:12] [ERROR] Érvénytelen bevitel: 400 Bad Request (error code: 50006); Ismeretlen bevitel: 'Kw'; a következőtől: 'gamika18' (ID: 323902189904855061)
[2023-11-26 13:15:12] [INFO] 'Karuta#1280' mondja: '' (ID: 646937666251915264, 🔻drops)
[2023-11-26 13:15:12] [ERROR] Érvénytelen bevitel: 400 Bad Request (error code: 50006); Ismeretlen bevitel: ''; a következőtől: 'Karuta#1280' (ID: 646937666251915264)

[2023-11-26 13:23:31] [WARNING] A bot lekapcsolódott.
[2023-11-26 13:23:31] [INFO] Shard ID None has successfully RESUMED session 028d69c8d3a4990e3c19342b7e64b450.

[2023-11-26 13:28:25] [INFO] 'kiskacsa.' mondja: 'Krm' (ID: 459495067791654913, 🔻drops)
[2023-11-26 13:28:25] [INFO] 'Karuta#1280' mondja: '' (ID: 646937666251915264, 🔻drops)

[2023-11-26 13:28:26] [ERROR] Érvénytelen bevitel: 400 Bad Request (error code: 50006); Ismeretlen bevitel: ''; a következőtől: 'Karuta#1280' (ID: 646937666251915264)
[2023-11-26 13:28:26] [ERROR] Érvénytelen bevitel: 400 Bad Request (error code: 50006); Ismeretlen bevitel: 'Krm'; a következőtől: 'kiskacsa.' (ID: 459495067791654913)

[2023-11-26 13:46:53] [INFO] 'gamika18' mondja: 'Ld' (ID: 323902189904855061, 🔻drops)

[2023-11-26 13:46:54] [ERROR] Érvénytelen bevitel: 400 Bad Request (error code: 50006); Ismeretlen bevitel: 'Ld'; a következőtől: 'gamika18' (ID: 323902189904855061)
[2023-11-26 13:46:54] [INFO] 'gamika18' mondja: 'Kd' (ID: 323902189904855061, 🔻drops)
[2023-11-26 13:46:54] [ERROR] Érvénytelen bevitel: 400 Bad Request (error code: 50006); Ismeretlen bevitel: 'Kd'; a következőtől: 'gamika18' (ID: 323902189904855061)

[2023-11-26 13:46:55] [INFO] 'Karuta#1280' mondja: '<@323902189904855061> is dropping 3 cards!' (ID: 646937666251915264, 🔻drops)

[2023-11-26 13:46:56] [ERROR] Érvénytelen bevitel: 400 Bad Request (error code: 50006); Ismeretlen bevitel: '<@323902189904855061> is dropping 3 cards!'; a következőtől: 'Karuta#1280' (ID: 646937666251915264)

[2023-11-26 13:47:00] [INFO] 'Karuta#1280' mondja: '<@323902189904855061> took the **Matsutake** card `vwndd0h`! It's in **good** condition.' (ID: 646937666251915264, 🔻drops)
[2023-11-26 13:47:00] [ERROR] Érvénytelen bevitel: 400 Bad Request (error code: 50006); Ismeretlen bevitel: '<@323902189904855061> took the **Matsutake** card `vwndd0h`! It's in **good** condition.'; a következőtől: 'Karuta#1280' (ID: 646937666251915264)

[2023-11-26 13:47:01] [INFO] 'gamika18' mondja: 'Kt kuka' (ID: 323902189904855061, 🔻drops)
[2023-11-26 13:47:01] [ERROR] Érvénytelen bevitel: 400 Bad Request (error code: 50006); Ismeretlen bevitel: 'Kt kuka'; a következőtől: 'gamika18' (ID: 323902189904855061)
[2023-11-26 13:47:01] [INFO] 'Karuta#1280' mondja: '<@323902189904855061>, the **Matsutake** card has been tagged successfully.' (ID: 646937666251915264, 🔻drops)

[2023-11-26 13:47:02] [ERROR] Érvénytelen bevitel: 400 Bad Request (error code: 50006); Ismeretlen bevitel: '<@323902189904855061>, the **Matsutake** card has been tagged successfully.'; a következőtől: 'Karuta#1280' (ID: 646937666251915264)

[2023-11-26 14:00:17] [INFO] 'shecouldgivemearide' mondja: 'Kd' (ID: 362636831189106688, 🔻drops)
[2023-11-26 14:00:17] [ERROR] Érvénytelen bevitel: 400 Bad Request (error code: 50006); Ismeretlen bevitel: 'Kd'; a következőtől: 'shecouldgivemearide' (ID: 362636831189106688)

[2023-11-26 14:00:19] [INFO] 'Karuta#1280' mondja: '<@362636831189106688> is dropping 3 cards!' (ID: 646937666251915264, 🔻drops)

[2023-11-26 14:00:20] [ERROR] Érvénytelen bevitel: 400 Bad Request (error code: 50006); Ismeretlen bevitel: '<@362636831189106688> is dropping 3 cards!'; a következőtől: 'Karuta#1280' (ID: 646937666251915264)

[2023-11-26 14:00:26] [INFO] 'Karuta#1280' mondja: '<@362636831189106688> took the **Shizue Suou** card `vwnsr9h`! Great, it's in **excellent** condition!' (ID: 646937666251915264, 🔻drops)
[2023-11-26 14:00:26] [ERROR] Érvénytelen bevitel: 400 Bad Request (error code: 50006); Ismeretlen bevitel: '<@362636831189106688> took the **Shizue Suou** card `vwnsr9h`! Great, it's in **excellent** condition!'; a következőtől: 'Karuta#1280' (ID: 646937666251915264)

[2023-11-26 14:01:10] [INFO] 'Karuta#1280' mondja: 'I'm dropping 3 cards since this server is currently active!' (ID: 646937666251915264, 🔻drops)
[2023-11-26 14:01:10] [ERROR] Érvénytelen bevitel: 400 Bad Request (error code: 50006); Ismeretlen bevitel: 'I'm dropping 3 cards since this server is currently active!'; a következőtől: 'Karuta#1280' (ID: 646937666251915264)
[2023-11-26 14:01:10] [INFO] 'Kalendar#5027' mondja: 'Server Drop! <@&1056202504179822612>. Expires <t:1701003725:R>' (ID: 874184247731171348, 🔻drops)
[2023-11-26 14:01:10] [ERROR] Érvénytelen bevitel: 400 Bad Request (error code: 50006); Ismeretlen bevitel: 'Server Drop! <@&1056202504179822612>. Expires <t:1701003725:R>'; a következőtől: 'Kalendar#5027' (ID: 874184247731171348)

[2023-11-26 14:01:15] [INFO] 'Queen's Right Leg#7475' mondja: '**Dropped Cards (Massdrop Mode)**
<:2glow:1068872350625435729> `♡141  ` My Dress-Up Darling · **Shinju Inui** [MID-PRINT]' (ID: 1006025546045591632, 🔻drops)
[2023-11-26 14:01:15] [ERROR] Érvénytelen bevitel: 400 Bad Request (error code: 50006); Ismeretlen bevitel: '**Dropped Cards (Massdrop Mode)**
<:2glow:1068872350625435729> `♡141  ` My Dress-Up Darling · **Shinju Inui** [MID-PRINT]'; a következőtől: 'Queen's Right Leg#7475' (ID: 1006025546045591632)

[2023-11-26 14:10:09] [INFO] 'kiskacsa.' mondja: ':c' (ID: 459495067791654913, 🔻drops)

[2023-11-26 14:10:10] [ERROR] Érvénytelen bevitel: 400 Bad Request (error code: 50006); Ismeretlen bevitel: ':c'; a következőtől: 'kiskacsa.' (ID: 459495067791654913)

[2023-11-26 14:10:11] [INFO] 'kiskacsa.' mondja: 'kd' (ID: 459495067791654913, 🔻drops)
[2023-11-26 14:10:11] [INFO] 'Karuta#1280' mondja: '<@459495067791654913>, you must wait `4 minutes` before dropping more cards.' (ID: 646937666251915264, 🔻drops)
[2023-11-26 14:10:11] [ERROR] Érvénytelen bevitel: 400 Bad Request (error code: 50006); Ismeretlen bevitel: '<@459495067791654913>, you must wait `4 minutes` before dropping more cards.'; a következőtől: 'Karuta#1280' (ID: 646937666251915264)
[2023-11-26 14:10:11] [ERROR] Érvénytelen bevitel: 400 Bad Request (error code: 50006); Ismeretlen bevitel: 'kd'; a következőtől: 'kiskacsa.' (ID: 459495067791654913)

[2023-11-26 14:14:34] [INFO] 'kiskacsa.' mondja: 'kt kuka' (ID: 459495067791654913, 🔻drops)
[2023-11-26 14:14:34] [INFO] 'Karuta#1280' mondja: '<@459495067791654913>, the **Edgar** card has been tagged successfully.' (ID: 646937666251915264, 🔻drops)
[2023-11-26 14:14:34] [ERROR] Érvénytelen bevitel: 400 Bad Request (error code: 50006); Ismeretlen bevitel: 'kt kuka'; a következőtől: 'kiskacsa.' (ID: 459495067791654913)
[2023-11-26 14:14:34] [ERROR] Érvénytelen bevitel: 400 Bad Request (error code: 50006); Ismeretlen bevitel: '<@459495067791654913>, the **Edgar** card has been tagged successfully.'; a következőtől: 'Karuta#1280' (ID: 646937666251915264)

[2023-11-26 14:20:59] [INFO] 'gamika18' mondja: 'Kd' (ID: 323902189904855061, 🔻drops)

[2023-11-26 14:21:00] [ERROR] Érvénytelen bevitel: 400 Bad Request (error code: 50006); Ismeretlen bevitel: 'Kd'; a következőtől: 'gamika18' (ID: 323902189904855061)
[2023-11-26 14:21:00] [INFO] 'Karuta#1280' mondja: '<@323902189904855061> is dropping 3 cards!' (ID: 646937666251915264, 🔻drops)
[2023-11-26 14:21:00] [ERROR] Érvénytelen bevitel: 400 Bad Request (error code: 50006); Ismeretlen bevitel: '<@323902189904855061> is dropping 3 cards!'; a következőtől: 'Karuta#1280' (ID: 646937666251915264)

[2023-11-26 14:21:05] [INFO] 'Karuta#1280' mondja: '<@323902189904855061> took the **Takichi** card `vwnx464`! Wow, it appears to be in **mint** condition!' (ID: 646937666251915264, 🔻drops)
[2023-11-26 14:21:05] [ERROR] Érvénytelen bevitel: 400 Bad Request (error code: 50006); Ismeretlen bevitel: '<@323902189904855061> took the **Takichi** card `vwnx464`! Wow, it appears to be in **mint** condition!'; a következőtől: 'Karuta#1280' (ID: 646937666251915264)

[2023-11-26 14:21:10] [INFO] 'gamika18' mondja: 'Kt kuka' (ID: 323902189904855061, 🔻drops)
[2023-11-26 14:21:10] [ERROR] Érvénytelen bevitel: 400 Bad Request (error code: 50006); Ismeretlen bevitel: 'Kt kuka'; a következőtől: 'gamika18' (ID: 323902189904855061)
[2023-11-26 14:21:10] [INFO] 'Karuta#1280' mondja: '<@323902189904855061>, the **Takichi** card has been tagged successfully.' (ID: 646937666251915264, 🔻drops)

[2023-11-26 14:21:11] [ERROR] Érvénytelen bevitel: 400 Bad Request (error code: 50006); Ismeretlen bevitel: '<@323902189904855061>, the **Takichi** card has been tagged successfully.'; a következőtől: 'Karuta#1280' (ID: 646937666251915264)

[2023-11-26 14:24:05] [INFO] 'gamika18' mondja: 'Krm' (ID: 323902189904855061, 🔻drops)

[2023-11-26 14:24:06] [INFO] 'Karuta#1280' mondja: '' (ID: 646937666251915264, 🔻drops)
[2023-11-26 14:24:06] [ERROR] Érvénytelen bevitel: 400 Bad Request (error code: 50006); Ismeretlen bevitel: 'Krm'; a következőtől: 'gamika18' (ID: 323902189904855061)
[2023-11-26 14:24:06] [ERROR] Érvénytelen bevitel: 400 Bad Request (error code: 50006); Ismeretlen bevitel: ''; a következőtől: 'Karuta#1280' (ID: 646937666251915264)

[2023-11-26 14:29:16] [INFO] 'shecouldgivemearide' mondja: 'Krm' (ID: 362636831189106688, 🔻drops)
[2023-11-26 14:29:16] [INFO] 'Karuta#1280' mondja: '' (ID: 646937666251915264, 🔻drops)
[2023-11-26 14:29:16] [ERROR] Érvénytelen bevitel: 400 Bad Request (error code: 50006); Ismeretlen bevitel: 'Krm'; a következőtől: 'shecouldgivemearide' (ID: 362636831189106688)

[2023-11-26 14:29:17] [ERROR] Érvénytelen bevitel: 400 Bad Request (error code: 50006); Ismeretlen bevitel: ''; a következőtől: 'Karuta#1280' (ID: 646937666251915264)

[2023-11-26 14:29:22] [INFO] 'shecouldgivemearide' mondja: 'Kvote' (ID: 362636831189106688, 🔻drops)

[2023-11-26 14:29:23] [INFO] 'Karuta#1280' mondja: '<https://karuta.com/vote>
If you haven't, please consider using the `k!reminders vote` command to enable voting reminders. The `k!monthly` command will show your monthly voting rewards progress.' (ID: 646937666251915264, 🔻drops)
[2023-11-26 14:29:23] [ERROR] Érvénytelen bevitel: 400 Bad Request (error code: 50006); Ismeretlen bevitel: 'Kvote'; a következőtől: 'shecouldgivemearide' (ID: 362636831189106688)
[2023-11-26 14:29:23] [ERROR] Érvénytelen bevitel: 400 Bad Request (error code: 50006); Ismeretlen bevitel: '<https://karuta.com/vote>
If you haven't, please consider using the `k!reminders vote` command to enable voting reminders. The `k!monthly` command will show your monthly voting rewards progress.'; a következőtől: 'Karuta#1280' (ID: 646937666251915264)

[2023-11-26 14:32:22] [INFO] 'shecouldgivemearide' mondja: 'Kd' (ID: 362636831189106688, 🔻drops)
[2023-11-26 14:32:22] [ERROR] Érvénytelen bevitel: 400 Bad Request (error code: 50006); Ismeretlen bevitel: 'Kd'; a következőtől: 'shecouldgivemearide' (ID: 362636831189106688)

[2023-11-26 14:32:23] [INFO] 'Karuta#1280' mondja: '<@362636831189106688> is dropping 3 cards!' (ID: 646937666251915264, 🔻drops)
[2023-11-26 14:32:23] [ERROR] Érvénytelen bevitel: 400 Bad Request (error code: 50006); Ismeretlen bevitel: '<@362636831189106688> is dropping 3 cards!'; a következőtől: 'Karuta#1280' (ID: 646937666251915264)

[2023-11-26 14:32:29] [INFO] 'Karuta#1280' mondja: '<@362636831189106688> took the **Horn** card `vwnsb9c`! Unfortunately, it was badly **damaged**.' (ID: 646937666251915264, 🔻drops)
[2023-11-26 14:32:29] [ERROR] Érvénytelen bevitel: 400 Bad Request (error code: 50006); Ismeretlen bevitel: '<@362636831189106688> took the **Horn** card `vwnsb9c`! Unfortunately, it was badly **damaged**.'; a következőtől: 'Karuta#1280' (ID: 646937666251915264)

[2023-11-26 14:32:55] [INFO] 'Karuta#1280' mondja: '<@365885951240568832> took the **Annie's Father** card `vwnsbf0`! Great, it's in **excellent** condition!' (ID: 646937666251915264, 🔻drops)
[2023-11-26 14:32:55] [ERROR] Érvénytelen bevitel: 400 Bad Request (error code: 50006); Ismeretlen bevitel: '<@365885951240568832> took the **Annie's Father** card `vwnsbf0`! Great, it's in **excellent** condition!'; a következőtől: 'Karuta#1280' (ID: 646937666251915264)

[2023-11-26 14:32:58] [INFO] 'strawhat0821' mondja: 'Kt aot' (ID: 365885951240568832, 🔻drops)
[2023-11-26 14:32:58] [ERROR] Érvénytelen bevitel: 400 Bad Request (error code: 50006); Ismeretlen bevitel: 'Kt aot'; a következőtől: 'strawhat0821' (ID: 365885951240568832)
[2023-11-26 14:32:58] [INFO] 'Karuta#1280' mondja: '<@365885951240568832>, the **Annie's Father** card has been tagged successfully.' (ID: 646937666251915264, 🔻drops)

[2023-11-26 14:32:59] [ERROR] Érvénytelen bevitel: 400 Bad Request (error code: 50006); Ismeretlen bevitel: '<@365885951240568832>, the **Annie's Father** card has been tagged successfully.'; a következőtől: 'Karuta#1280' (ID: 646937666251915264)

[2023-11-26 14:57:31] [INFO] 'gamika18' mondja: 'Kd' (ID: 323902189904855061, 🔻drops)

[2023-11-26 14:57:32] [ERROR] Érvénytelen bevitel: 400 Bad Request (error code: 50006); Ismeretlen bevitel: 'Kd'; a következőtől: 'gamika18' (ID: 323902189904855061)

[2023-11-26 14:57:33] [INFO] 'Karuta#1280' mondja: '<@323902189904855061> is dropping 3 cards!' (ID: 646937666251915264, 🔻drops)
[2023-11-26 14:57:33] [ERROR] Érvénytelen bevitel: 400 Bad Request (error code: 50006); Ismeretlen bevitel: '<@323902189904855061> is dropping 3 cards!'; a következőtől: 'Karuta#1280' (ID: 646937666251915264)

[2023-11-26 14:57:37] [INFO] 'Karuta#1280' mondja: '<@323902189904855061> took the **Natsuho Maki** card `vwnxg3p`! Wow, it appears to be in **mint** condition!' (ID: 646937666251915264, 🔻drops)

[2023-11-26 14:57:38] [ERROR] Érvénytelen bevitel: 400 Bad Request (error code: 50006); Ismeretlen bevitel: '<@323902189904855061> took the **Natsuho Maki** card `vwnxg3p`! Wow, it appears to be in **mint** condition!'; a következőtől: 'Karuta#1280' (ID: 646937666251915264)
[2023-11-26 14:57:38] [INFO] 'gamika18' mondja: 'Kt kuka' (ID: 323902189904855061, 🔻drops)
[2023-11-26 14:57:38] [ERROR] Érvénytelen bevitel: 400 Bad Request (error code: 50006); Ismeretlen bevitel: 'Kt kuka'; a következőtől: 'gamika18' (ID: 323902189904855061)

[2023-11-26 14:57:39] [INFO] 'Karuta#1280' mondja: '<@323902189904855061>, the **Natsuho Maki** card has been tagged successfully.' (ID: 646937666251915264, 🔻drops)
[2023-11-26 14:57:39] [ERROR] Érvénytelen bevitel: 400 Bad Request (error code: 50006); Ismeretlen bevitel: '<@323902189904855061>, the **Natsuho Maki** card has been tagged successfully.'; a következőtől: 'Karuta#1280' (ID: 646937666251915264)

[2023-11-26 15:31:22] [INFO] 'kiskacsa.' mondja: 'klu' (ID: 459495067791654913, 🔻drops)
[2023-11-26 15:31:22] [INFO] 'Karuta#1280' mondja: '' (ID: 646937666251915264, 🔻drops)

[2023-11-26 15:31:23] [ERROR] Érvénytelen bevitel: 400 Bad Request (error code: 50006); Ismeretlen bevitel: ''; a következőtől: 'Karuta#1280' (ID: 646937666251915264)
[2023-11-26 15:31:23] [ERROR] Érvénytelen bevitel: 400 Bad Request (error code: 50006); Ismeretlen bevitel: 'klu'; a következőtől: 'kiskacsa.' (ID: 459495067791654913)

[2023-11-26 15:31:34] [INFO] 'kiskacsa.' mondja: 'kt sale' (ID: 459495067791654913, 🔻drops)
[2023-11-26 15:31:34] [ERROR] Érvénytelen bevitel: 400 Bad Request (error code: 50006); Ismeretlen bevitel: 'kt sale'; a következőtől: 'kiskacsa.' (ID: 459495067791654913)
[2023-11-26 15:31:34] [INFO] 'Karuta#1280' mondja: '<@459495067791654913>, the **Akitaru Oubi** card has been tagged successfully.' (ID: 646937666251915264, 🔻drops)
[2023-11-26 15:31:34] [ERROR] Érvénytelen bevitel: 400 Bad Request (error code: 50006); Ismeretlen bevitel: '<@459495067791654913>, the **Akitaru Oubi** card has been tagged successfully.'; a következőtől: 'Karuta#1280' (ID: 646937666251915264)

[2023-11-26 15:31:35] [INFO] 'kiskacsa.' mondja: 'kd' (ID: 459495067791654913, 🔻drops)
[2023-11-26 15:31:35] [ERROR] Érvénytelen bevitel: 400 Bad Request (error code: 50006); Ismeretlen bevitel: 'kd'; a következőtől: 'kiskacsa.' (ID: 459495067791654913)

[2023-11-26 15:31:37] [INFO] 'Karuta#1280' mondja: '<@459495067791654913> is dropping 4 cards!' (ID: 646937666251915264, 🔻drops)
[2023-11-26 15:31:37] [ERROR] Érvénytelen bevitel: 400 Bad Request (error code: 50006); Ismeretlen bevitel: '<@459495067791654913> is dropping 4 cards!'; a következőtől: 'Karuta#1280' (ID: 646937666251915264)

[2023-11-26 15:47:19] [WARNING] A bot lekapcsolódott.

[2023-11-26 15:47:20] [INFO] Shard ID None has successfully RESUMED session 028d69c8d3a4990e3c19342b7e64b450.

[2023-11-26 15:54:57] [INFO] 'gamika18' mondja: 'Kd' (ID: 323902189904855061, 🔻drops)

[2023-11-26 15:54:58] [ERROR] Érvénytelen bevitel: 400 Bad Request (error code: 50006); Ismeretlen bevitel: 'Kd'; a következőtől: 'gamika18' (ID: 323902189904855061)

[2023-11-26 15:54:59] [INFO] 'Karuta#1280' mondja: '<@323902189904855061> is dropping 3 cards!' (ID: 646937666251915264, 🔻drops)
[2023-11-26 15:54:59] [ERROR] Érvénytelen bevitel: 400 Bad Request (error code: 50006); Ismeretlen bevitel: '<@323902189904855061> is dropping 3 cards!'; a következőtől: 'Karuta#1280' (ID: 646937666251915264)

[2023-11-26 15:55:03] [INFO] 'Karuta#1280' mondja: '<@323902189904855061> took the **Jinta Yadomi** card `vwnxqtz`! It's in **good** condition.' (ID: 646937666251915264, 🔻drops)
[2023-11-26 15:55:03] [INFO] 'gamika18' mondja: 'Kt kuka' (ID: 323902189904855061, 🔻drops)
[2023-11-26 15:55:03] [ERROR] Érvénytelen bevitel: 400 Bad Request (error code: 50006); Ismeretlen bevitel: '<@323902189904855061> took the **Jinta Yadomi** card `vwnxqtz`! It's in **good** condition.'; a következőtől: 'Karuta#1280' (ID: 646937666251915264)

[2023-11-26 15:55:04] [INFO] 'Karuta#1280' mondja: '<@323902189904855061>, the **Jinta Yadomi** card has been tagged successfully.' (ID: 646937666251915264, 🔻drops)
[2023-11-26 15:55:04] [ERROR] Érvénytelen bevitel: 400 Bad Request (error code: 50006); Ismeretlen bevitel: 'Kt kuka'; a következőtől: 'gamika18' (ID: 323902189904855061)
[2023-11-26 15:55:04] [ERROR] Érvénytelen bevitel: 400 Bad Request (error code: 50006); Ismeretlen bevitel: '<@323902189904855061>, the **Jinta Yadomi** card has been tagged successfully.'; a következőtől: 'Karuta#1280' (ID: 646937666251915264)

[2023-11-26 16:17:06] [INFO] 'kiskacsa.' mondja: 'kt kuka' (ID: 459495067791654913, 🔻drops)
[2023-11-26 16:17:06] [INFO] 'Karuta#1280' mondja: '<@459495067791654913>, the **Zhangyu Kong** card has been tagged successfully.' (ID: 646937666251915264, 🔻drops)

[2023-11-26 16:17:07] [ERROR] Érvénytelen bevitel: 400 Bad Request (error code: 50006); Ismeretlen bevitel: 'kt kuka'; a következőtől: 'kiskacsa.' (ID: 459495067791654913)
[2023-11-26 16:17:07] [ERROR] Érvénytelen bevitel: 400 Bad Request (error code: 50006); Ismeretlen bevitel: '<@459495067791654913>, the **Zhangyu Kong** card has been tagged successfully.'; a következőtől: 'Karuta#1280' (ID: 646937666251915264)

[2023-11-26 16:28:02] [INFO] 'gamika18' mondja: 'Kd' (ID: 323902189904855061, 🔻drops)

[2023-11-26 16:28:03] [ERROR] Érvénytelen bevitel: 400 Bad Request (error code: 50006); Ismeretlen bevitel: 'Kd'; a következőtől: 'gamika18' (ID: 323902189904855061)

[2023-11-26 16:28:04] [INFO] 'Karuta#1280' mondja: '<@323902189904855061> is dropping 3 cards!' (ID: 646937666251915264, 🔻drops)
[2023-11-26 16:28:04] [ERROR] Érvénytelen bevitel: 400 Bad Request (error code: 50006); Ismeretlen bevitel: '<@323902189904855061> is dropping 3 cards!'; a következőtől: 'Karuta#1280' (ID: 646937666251915264)

[2023-11-26 16:28:09] [INFO] 'Karuta#1280' mondja: '<@323902189904855061> took the **KAGU-8** card `vwnc22t`! It's in **good** condition.' (ID: 646937666251915264, 🔻drops)
[2023-11-26 16:28:09] [ERROR] Érvénytelen bevitel: 400 Bad Request (error code: 50006); Ismeretlen bevitel: '<@323902189904855061> took the **KAGU-8** card `vwnc22t`! It's in **good** condition.'; a következőtől: 'Karuta#1280' (ID: 646937666251915264)
[2023-11-26 16:28:09] [INFO] 'gamika18' mondja: 'Kt kuka' (ID: 323902189904855061, 🔻drops)

[2023-11-26 16:28:10] [ERROR] Érvénytelen bevitel: 400 Bad Request (error code: 50006); Ismeretlen bevitel: 'Kt kuka'; a következőtől: 'gamika18' (ID: 323902189904855061)
[2023-11-26 16:28:10] [INFO] 'Karuta#1280' mondja: '<@323902189904855061>, the **KAGU-8** card has been tagged successfully.' (ID: 646937666251915264, 🔻drops)
[2023-11-26 16:28:10] [ERROR] Érvénytelen bevitel: 400 Bad Request (error code: 50006); Ismeretlen bevitel: '<@323902189904855061>, the **KAGU-8** card has been tagged successfully.'; a következőtől: 'Karuta#1280' (ID: 646937666251915264)

[2023-11-26 16:58:14] [INFO] 'gamika18' mondja: 'Kd' (ID: 323902189904855061, 🔻drops)
[2023-11-26 16:58:14] [ERROR] Érvénytelen bevitel: 400 Bad Request (error code: 50006); Ismeretlen bevitel: 'Kd'; a következőtől: 'gamika18' (ID: 323902189904855061)

[2023-11-26 16:58:15] [INFO] 'Karuta#1280' mondja: '<@323902189904855061> is dropping 3 cards!' (ID: 646937666251915264, 🔻drops)
[2023-11-26 16:58:15] [ERROR] Érvénytelen bevitel: 400 Bad Request (error code: 50006); Ismeretlen bevitel: '<@323902189904855061> is dropping 3 cards!'; a következőtől: 'Karuta#1280' (ID: 646937666251915264)

[2023-11-26 16:58:20] [INFO] 'Karuta#1280' mondja: '<@323902189904855061> took the **Ruby Rose** card `vwn6nv6`! Its condition is quite **poor**.' (ID: 646937666251915264, 🔻drops)
[2023-11-26 16:58:20] [ERROR] Érvénytelen bevitel: 400 Bad Request (error code: 50006); Ismeretlen bevitel: '<@323902189904855061> took the **Ruby Rose** card `vwn6nv6`! Its condition is quite **poor**.'; a következőtől: 'Karuta#1280' (ID: 646937666251915264)

[2023-11-26 16:58:21] [INFO] 'gamika18' mondja: 'Kt kuka' (ID: 323902189904855061, 🔻drops)
[2023-11-26 16:58:21] [ERROR] Érvénytelen bevitel: 400 Bad Request (error code: 50006); Ismeretlen bevitel: 'Kt kuka'; a következőtől: 'gamika18' (ID: 323902189904855061)
[2023-11-26 16:58:21] [INFO] 'Karuta#1280' mondja: '<@323902189904855061>, the **Ruby Rose** card has been tagged successfully.' (ID: 646937666251915264, 🔻drops)
[2023-11-26 16:58:21] [ERROR] Érvénytelen bevitel: 400 Bad Request (error code: 50006); Ismeretlen bevitel: '<@323902189904855061>, the **Ruby Rose** card has been tagged successfully.'; a következőtől: 'Karuta#1280' (ID: 646937666251915264)

[2023-11-26 16:58:23] [INFO] 'Queen's Right Leg#7475' mondja: '**Dropped Cards (Massdrop Mode)**
<:1glow:1068872345827155978> `♡255  ` RWBY · **Ruby Rose**' (ID: 1006025546045591632, 🔻drops)
[2023-11-26 16:58:23] [ERROR] Érvénytelen bevitel: 400 Bad Request (error code: 50006); Ismeretlen bevitel: '**Dropped Cards (Massdrop Mode)**
<:1glow:1068872345827155978> `♡255  ` RWBY · **Ruby Rose**'; a következőtől: 'Queen's Right Leg#7475' (ID: 1006025546045591632)

[2023-11-26 17:06:35] [INFO] 'gamika18' mondja: 'Klu' (ID: 323902189904855061, 🔻drops)
[2023-11-26 17:06:35] [INFO] 'Karuta#1280' mondja: '' (ID: 646937666251915264, 🔻drops)
[2023-11-26 17:06:35] [ERROR] Érvénytelen bevitel: 400 Bad Request (error code: 50006); Ismeretlen bevitel: 'Klu'; a következőtől: 'gamika18' (ID: 323902189904855061)
[2023-11-26 17:06:35] [ERROR] Érvénytelen bevitel: 400 Bad Request (error code: 50006); Ismeretlen bevitel: ''; a következőtől: 'Karuta#1280' (ID: 646937666251915264)

[2023-11-26 17:06:39] [INFO] 'gamika18' mondja: 'Sheesh' (ID: 323902189904855061, 🔻drops)
[2023-11-26 17:06:39] [ERROR] Érvénytelen bevitel: 400 Bad Request (error code: 50006); Ismeretlen bevitel: 'Sheesh'; a következőtől: 'gamika18' (ID: 323902189904855061)

[2023-11-26 17:06:41] [INFO] 'gamika18' mondja: 'Kt bleach' (ID: 323902189904855061, 🔻drops)
[2023-11-26 17:06:41] [ERROR] Érvénytelen bevitel: 400 Bad Request (error code: 50006); Ismeretlen bevitel: 'Kt bleach'; a következőtől: 'gamika18' (ID: 323902189904855061)
[2023-11-26 17:06:41] [INFO] 'Karuta#1280' mondja: '<@323902189904855061>, the **Hollow Ichigo** card has been tagged successfully.' (ID: 646937666251915264, 🔻drops)
[2023-11-26 17:06:41] [ERROR] Érvénytelen bevitel: 400 Bad Request (error code: 50006); Ismeretlen bevitel: '<@323902189904855061>, the **Hollow Ichigo** card has been tagged successfully.'; a következőtől: 'Karuta#1280' (ID: 646937666251915264)

[2023-11-26 17:08:45] [INFO] 'gamika18' mondja: 'Ki n is extra' (ID: 323902189904855061, 🔻drops)
[2023-11-26 17:08:45] [INFO] 'Karuta#1280' mondja: '' (ID: 646937666251915264, 🔻drops)

[2023-11-26 17:08:46] [ERROR] Érvénytelen bevitel: 400 Bad Request (error code: 50006); Ismeretlen bevitel: 'Ki n is extra'; a következőtől: 'gamika18' (ID: 323902189904855061)
[2023-11-26 17:08:46] [ERROR] Érvénytelen bevitel: 400 Bad Request (error code: 50006); Ismeretlen bevitel: ''; a következőtől: 'Karuta#1280' (ID: 646937666251915264)

[2023-11-26 17:08:56] [INFO] 'gamika18' mondja: 'Kbuy extra grab' (ID: 323902189904855061, 🔻drops)
[2023-11-26 17:08:56] [ERROR] Érvénytelen bevitel: 400 Bad Request (error code: 50006); Ismeretlen bevitel: 'Kbuy extra grab'; a következőtől: 'gamika18' (ID: 323902189904855061)
[2023-11-26 17:08:56] [INFO] 'Karuta#1280' mondja: '' (ID: 646937666251915264, 🔻drops)

[2023-11-26 17:08:57] [ERROR] Érvénytelen bevitel: 400 Bad Request (error code: 50006); Ismeretlen bevitel: ''; a következőtől: 'Karuta#1280' (ID: 646937666251915264)

[2023-11-26 17:09:00] [INFO] 'gamika18' mondja: 'Ki' (ID: 323902189904855061, 🔻drops)
[2023-11-26 17:09:00] [INFO] 'Karuta#1280' mondja: '' (ID: 646937666251915264, 🔻drops)
[2023-11-26 17:09:00] [ERROR] Érvénytelen bevitel: 400 Bad Request (error code: 50006); Ismeretlen bevitel: 'Ki'; a következőtől: 'gamika18' (ID: 323902189904855061)
[2023-11-26 17:09:00] [ERROR] Érvénytelen bevitel: 400 Bad Request (error code: 50006); Ismeretlen bevitel: ''; a következőtől: 'Karuta#1280' (ID: 646937666251915264)

[2023-11-26 17:28:21] [INFO] 'gamika18' mondja: 'Kd' (ID: 323902189904855061, 🔻drops)

[2023-11-26 17:28:22] [ERROR] Érvénytelen bevitel: 400 Bad Request (error code: 50006); Ismeretlen bevitel: 'Kd'; a következőtől: 'gamika18' (ID: 323902189904855061)

[2023-11-26 17:28:23] [INFO] 'Karuta#1280' mondja: '<@323902189904855061> is dropping 3 cards!' (ID: 646937666251915264, 🔻drops)
[2023-11-26 17:28:23] [ERROR] Érvénytelen bevitel: 400 Bad Request (error code: 50006); Ismeretlen bevitel: '<@323902189904855061> is dropping 3 cards!'; a következőtől: 'Karuta#1280' (ID: 646937666251915264)

[2023-11-26 17:28:28] [INFO] 'Karuta#1280' mondja: '<@323902189904855061> took the **Maya Ibuki** card `vw1m054`! Great, it's in **excellent** condition!' (ID: 646937666251915264, 🔻drops)
[2023-11-26 17:28:28] [ERROR] Érvénytelen bevitel: 400 Bad Request (error code: 50006); Ismeretlen bevitel: '<@323902189904855061> took the **Maya Ibuki** card `vw1m054`! Great, it's in **excellent** condition!'; a következőtől: 'Karuta#1280' (ID: 646937666251915264)

[2023-11-26 17:28:29] [INFO] 'gamika18' mondja: 'Kt kuka' (ID: 323902189904855061, 🔻drops)
[2023-11-26 17:28:29] [ERROR] Érvénytelen bevitel: 400 Bad Request (error code: 50006); Ismeretlen bevitel: 'Kt kuka'; a következőtől: 'gamika18' (ID: 323902189904855061)
[2023-11-26 17:28:29] [INFO] 'Karuta#1280' mondja: '<@323902189904855061>, the **Maya Ibuki** card has been tagged successfully.' (ID: 646937666251915264, 🔻drops)
[2023-11-26 17:28:29] [ERROR] Érvénytelen bevitel: 400 Bad Request (error code: 50006); Ismeretlen bevitel: '<@323902189904855061>, the **Maya Ibuki** card has been tagged successfully.'; a következőtől: 'Karuta#1280' (ID: 646937666251915264)

[2023-11-26 17:34:21] [INFO] 'kiskacsa.' mondja: 'kt kuka' (ID: 459495067791654913, 🔻drops)
[2023-11-26 17:34:21] [INFO] 'Karuta#1280' mondja: '<@459495067791654913>, the **Tougo Sakamaki** card has been tagged successfully.' (ID: 646937666251915264, 🔻drops)

[2023-11-26 17:34:22] [ERROR] Érvénytelen bevitel: 400 Bad Request (error code: 50006); Ismeretlen bevitel: 'kt kuka'; a következőtől: 'kiskacsa.' (ID: 459495067791654913)
[2023-11-26 17:34:22] [ERROR] Érvénytelen bevitel: 400 Bad Request (error code: 50006); Ismeretlen bevitel: '<@459495067791654913>, the **Tougo Sakamaki** card has been tagged successfully.'; a következőtől: 'Karuta#1280' (ID: 646937666251915264)
